# JRE version: OpenJDK Runtime Environment (11.0.12+7) (build 11.0.12+7-b1504.28-7817840)
# Java VM: OpenJDK 64-Bit Server VM (11.0.12+7-b1504.28-7817840, mixed mode, tiered, compressed oops, g1 gc, windows-amd64)
Heap:
 garbage-first heap   total 458752K, used 440959K [0x00000000a0000000, 0x0000000100000000)
  region size 1024K, 16 young (16384K), 2 survivors (2048K)
 Metaspace       used 140530K, capacity 144941K, committed 145024K, reserved 1175552K
  class space    used 18194K, capacity 19869K, committed 19916K, reserved 1048576K
GC Heap History (20 events):
Event: 175.339 GC heap before
{Heap before GC invocations=104 (full 0):
 garbage-first heap   total 258048K, used 202856K [0x00000000a0000000, 0x0000000100000000)
  region size 1024K, 25 young (25600K), 2 survivors (2048K)
 Metaspace       used 138396K, capacity 142703K, committed 143104K, reserved 1173504K
  class space    used 17964K, capacity 19601K, committed 19788K, reserved 1048576K
}
Event: 175.351 GC heap after
{Heap after GC invocations=105 (full 0):
 garbage-first heap   total 258048K, used 184014K [0x00000000a0000000, 0x0000000100000000)
  region size 1024K, 4 young (4096K), 4 survivors (4096K)
 Metaspace       used 138396K, capacity 142703K, committed 143104K, reserved 1173504K
  class space    used 17964K, capacity 19601K, committed 19788K, reserved 1048576K
}
Event: 175.651 GC heap before
{Heap before GC invocations=105 (full 0):
 garbage-first heap   total 258048K, used 196302K [0x00000000a0000000, 0x0000000100000000)
  region size 1024K, 17 young (17408K), 4 survivors (4096K)
 Metaspace       used 138405K, capacity 142705K, committed 143104K, reserved 1173504K
  class space    used 17965K, capacity 19601K, committed 19788K, reserved 1048576K
}
Event: 175.666 GC heap after
{Heap after GC invocations=106 (full 0):
 garbage-first heap   total 334848K, used 186782K [0x00000000a0000000, 0x0000000100000000)
  region size 1024K, 4 young (4096K), 4 survivors (4096K)
 Metaspace       used 138405K, capacity 142705K, committed 143104K, reserved 1173504K
  class space    used 17965K, capacity 19601K, committed 19788K, reserved 1048576K
}
Event: 176.360 GC heap before
{Heap before GC invocations=107 (full 0):
 garbage-first heap   total 334848K, used 229790K [0x00000000a0000000, 0x0000000100000000)
  region size 1024K, 49 young (50176K), 4 survivors (4096K)
 Metaspace       used 138518K, capacity 142813K, committed 143104K, reserved 1173504K
  class space    used 17971K, capacity 19612K, committed 19788K, reserved 1048576K
}
Event: 176.375 GC heap after
{Heap after GC invocations=108 (full 0):
 garbage-first heap   total 334848K, used 192512K [0x00000000a0000000, 0x0000000100000000)
  region size 1024K, 7 young (7168K), 7 survivors (7168K)
 Metaspace       used 138518K, capacity 142813K, committed 143104K, reserved 1173504K
  class space    used 17971K, capacity 19612K, committed 19788K, reserved 1048576K
}
Event: 176.390 GC heap before
{Heap before GC invocations=108 (full 0):
 garbage-first heap   total 334848K, used 201728K [0x00000000a0000000, 0x0000000100000000)
  region size 1024K, 16 young (16384K), 7 survivors (7168K)
 Metaspace       used 138518K, capacity 142813K, committed 143104K, reserved 1173504K
  class space    used 17971K, capacity 19612K, committed 19788K, reserved 1048576K
}
Event: 176.405 GC heap after
{Heap after GC invocations=109 (full 0):
 garbage-first heap   total 334848K, used 190985K [0x00000000a0000000, 0x0000000100000000)
  region size 1024K, 2 young (2048K), 2 survivors (2048K)
 Metaspace       used 138518K, capacity 142813K, committed 143104K, reserved 1173504K
  class space    used 17971K, capacity 19612K, committed 19788K, reserved 1048576K
}
Event: 177.264 GC heap before
{Heap before GC invocations=109 (full 0):
 garbage-first heap   total 334848K, used 273929K [0x00000000a0000000, 0x0000000100000000)
  region size 1024K, 50 young (51200K), 2 survivors (2048K)
 Metaspace       used 138753K, capacity 143051K, committed 143360K, reserved 1173504K
  class space    used 17972K, capacity 19612K, committed 19788K, reserved 1048576K
}
Event: 177.276 GC heap after
{Heap after GC invocations=110 (full 0):
 garbage-first heap   total 334848K, used 210123K [0x00000000a0000000, 0x0000000100000000)
  region size 1024K, 7 young (7168K), 7 survivors (7168K)
 Metaspace       used 138753K, capacity 143051K, committed 143360K, reserved 1173504K
  class space    used 17972K, capacity 19612K, committed 19788K, reserved 1048576K
}
Event: 177.788 GC heap before
{Heap before GC invocations=110 (full 0):
 garbage-first heap   total 334848K, used 254155K [0x00000000a0000000, 0x0000000100000000)
  region size 1024K, 51 young (52224K), 7 survivors (7168K)
 Metaspace       used 138756K, capacity 143051K, committed 143360K, reserved 1173504K
  class space    used 17973K, capacity 19612K, committed 19788K, reserved 1048576K
}
Event: 177.820 GC heap after
{Heap after GC invocations=111 (full 0):
 garbage-first heap   total 386048K, used 232377K [0x00000000a0000000, 0x0000000100000000)
  region size 1024K, 7 young (7168K), 7 survivors (7168K)
 Metaspace       used 138756K, capacity 143051K, committed 143360K, reserved 1173504K
  class space    used 17973K, capacity 19612K, committed 19788K, reserved 1048576K
}
Event: 178.229 GC heap before
{Heap before GC invocations=111 (full 0):
 garbage-first heap   total 386048K, used 284601K [0x00000000a0000000, 0x0000000100000000)
  region size 1024K, 59 young (60416K), 7 survivors (7168K)
 Metaspace       used 138774K, capacity 143054K, committed 143360K, reserved 1173504K
  class space    used 17973K, capacity 19612K, committed 19788K, reserved 1048576K
}
Event: 178.261 GC heap after
{Heap after GC invocations=112 (full 0):
 garbage-first heap   total 386048K, used 248320K [0x00000000a0000000, 0x0000000100000000)
  region size 1024K, 8 young (8192K), 8 survivors (8192K)
 Metaspace       used 138774K, capacity 143054K, committed 143360K, reserved 1173504K
  class space    used 17973K, capacity 19612K, committed 19788K, reserved 1048576K
}
Event: 178.573 GC heap before
{Heap before GC invocations=112 (full 0):
 garbage-first heap   total 386048K, used 300544K [0x00000000a0000000, 0x0000000100000000)
  region size 1024K, 55 young (56320K), 8 survivors (8192K)
 Metaspace       used 138788K, capacity 143058K, committed 143360K, reserved 1173504K
  class space    used 17973K, capacity 19612K, committed 19788K, reserved 1048576K
}
Event: 178.591 GC heap after
{Heap after GC invocations=113 (full 0):
 garbage-first heap   total 386048K, used 263680K [0x00000000a0000000, 0x0000000100000000)
  region size 1024K, 7 young (7168K), 7 survivors (7168K)
 Metaspace       used 138788K, capacity 143058K, committed 143360K, reserved 1173504K
  class space    used 17973K, capacity 19612K, committed 19788K, reserved 1048576K
}
Event: 178.638 GC heap before
{Heap before GC invocations=113 (full 0):
 garbage-first heap   total 386048K, used 275968K [0x00000000a0000000, 0x0000000100000000)
  region size 1024K, 19 young (19456K), 7 survivors (7168K)
 Metaspace       used 138788K, capacity 143058K, committed 143360K, reserved 1173504K
  class space    used 17973K, capacity 19612K, committed 19788K, reserved 1048576K
}
Event: 178.649 GC heap after
{Heap after GC invocations=114 (full 0):
 garbage-first heap   total 386048K, used 266890K [0x00000000a0000000, 0x0000000100000000)
  region size 1024K, 3 young (3072K), 3 survivors (3072K)
 Metaspace       used 138788K, capacity 143058K, committed 143360K, reserved 1173504K
  class space    used 17973K, capacity 19612K, committed 19788K, reserved 1048576K
}
Event: 179.499 GC heap before
{Heap before GC invocations=115 (full 0):
 garbage-first heap   total 386048K, used 269962K [0x00000000a0000000, 0x0000000100000000)
  region size 1024K, 39 young (39936K), 3 survivors (3072K)
 Metaspace       used 139698K, capacity 143993K, committed 144128K, reserved 1173504K
  class space    used 18072K, capacity 19702K, committed 19788K, reserved 1048576K
}
Event: 179.503 GC heap after
{Heap after GC invocations=116 (full 0):
 garbage-first heap   total 386048K, used 216703K [0x00000000a0000000, 0x0000000100000000)
  region size 1024K, 2 young (2048K), 2 survivors (2048K)
 Metaspace       used 139698K, capacity 143993K, committed 144128K, reserved 1173504K
  class space    used 18072K, capacity 19702K, committed 19788K, reserved 1048576K
}

